Arguments: 
  /Users/joelesteves/.nvm/versions/node/v16.19.0/bin/node /Users/joelesteves/.yarn/bin/yarn.js add @types/modules-alias -D

PATH: 
  /Users/joelesteves/.nvm/versions/node/v16.19.0/bin:/Users/joelesteves/.yarn/bin:/Users/joelesteves/.config/yarn/global/node_modules/.bin:/Library/Frameworks/Python.framework/Versions/3.11/bin:/usr/local/bin:/System/Cryptexes/App/usr/bin:/usr/bin:/bin:/usr/sbin:/sbin:/Users/joelesteves/.nvm/versions/node/v16.19.0/bin:/Users/joelesteves/opt/anaconda3/bin:/Users/joelesteves/opt/anaconda3/condabin:/Users/joelesteves/.yarn/bin:/Users/joelesteves/.config/yarn/global/node_modules/.bin:/Library/Frameworks/Python.framework/Versions/3.11/bin:/Users/joelesteves/.foundry/bin:/Users/joelesteves/.foundry/bin

Yarn version: 
  1.22.19

Node version: 
  16.19.0

Platform: 
  darwin arm64

Trace: 
  Error: https://registry.yarnpkg.com/@types%2fmodules-alias: Not found
      at Request.params.callback [as _callback] (/Users/joelesteves/.yarn/lib/cli.js:66145:18)
      at Request.self.callback (/Users/joelesteves/.yarn/lib/cli.js:140890:22)
      at Request.emit (node:events:513:28)
      at Request.<anonymous> (/Users/joelesteves/.yarn/lib/cli.js:141862:10)
      at Request.emit (node:events:513:28)
      at IncomingMessage.<anonymous> (/Users/joelesteves/.yarn/lib/cli.js:141784:12)
      at Object.onceWrapper (node:events:627:28)
      at IncomingMessage.emit (node:events:525:35)
      at endReadableNT (node:internal/streams/readable:1358:12)
      at processTicksAndRejections (node:internal/process/task_queues:83:21)

npm manifest: 
  {
    "name": "advanced-node",
    "version": "1.0.0",
    "main": "index.js",
    "repository": "git@github.com:joelesteves/advanced-node.git",
    "author": "joelesteves <joel.esteves@hotmail.com>",
    "license": "MIT",
    "scripts": {
      "start": "node dist/main/api",
      "build": "rimraf dist && tsc"
    },
    "devDependencies": {
      "typescript": "^4.9.5"
    },
    "dependencies": {
      "module-alias": "^2.2.2",
      "rimraf": "^4.1.2"
    },
    "engines": {
      "node": "16.x"
    }
  }

yarn manifest: 
  No manifest

Lockfile: 
  # THIS IS AN AUTOGENERATED FILE. DO NOT EDIT THIS FILE DIRECTLY.
  # yarn lockfile v1
  
  
  module-alias@^2.2.2:
    version "2.2.2"
    resolved "https://registry.yarnpkg.com/module-alias/-/module-alias-2.2.2.tgz#151cdcecc24e25739ff0aa6e51e1c5716974c0e0"
    integrity sha512-A/78XjoX2EmNvppVWEhM2oGk3x4lLxnkEA4jTbaK97QKSDjkIoOsKQlfylt/d3kKKi596Qy3NP5XrXJ6fZIC9Q==
  
  rimraf@^4.1.2:
    version "4.1.2"
    resolved "https://registry.yarnpkg.com/rimraf/-/rimraf-4.1.2.tgz#20dfbc98083bdfaa28b01183162885ef213dbf7c"
    integrity sha512-BlIbgFryTbw3Dz6hyoWFhKk+unCcHMSkZGrTFVAx2WmttdBSonsdtRlwiuTbDqTKr+UlXIUqJVS4QT5tUzGENQ==
  
  typescript@^4.9.5:
    version "4.9.5"
    resolved "https://registry.yarnpkg.com/typescript/-/typescript-4.9.5.tgz#095979f9bcc0d09da324d58d03ce8f8374cbe65a"
    integrity sha512-1FXk9E2Hm+QzZQ7z+McJiHL4NW1F2EzMu9Nq9i3zAaGqibafqYwCVU6WyWAuyQRRzOlxou8xZSyXLEN8oKj24g==
